Xtext Language Server is starting.
Xtext Language Server has been started.
[Trace - 05:57:15 PM] Received request 'initialize - (0)'
Params: {
  "processId": 1644,
  "rootPath": "c:\\Users\\anom\\Documents\\GitHub\\Karaoke-App",
  "rootUri": "file:///c%3A/Users/anom/Documents/GitHub/Karaoke-App",
  "capabilities": {
    "workspace": {
      "applyEdit": true,
      "workspaceEdit": {
        "documentChanges": true,
        "resourceOperations": [
          "create",
          "rename",
          "delete"
        ],
        "failureHandling": "textOnlyTransactional"
      },
      "didChangeConfiguration": {
        "dynamicRegistration": true
      },
      "didChangeWatchedFiles": {
        "dynamicRegistration": true
      },
      "symbol": {
        "symbolKind": {
          "valueSet": [
            1,
            2,
            3,
            4,
            5,
            6,
            7,
            8,
            9,
            10,
            11,
            12,
            13,
            14,
            15,
            16,
            17,
            18,
            19,
            20,
            21,
            22,
            23,
            24,
            25,
            26
          ]
        },
        "dynamicRegistration": true
      },
      "executeCommand": {
        "dynamicRegistration": true
      },
      "workspaceFolders": true,
      "configuration": true
    },
    "textDocument": {
      "synchronization": {
        "willSave": true,
        "willSaveWaitUntil": true,
        "didSave": true,
        "dynamicRegistration": true
      },
      "completion": {
        "completionItem": {
          "snippetSupport": true,
          "commitCharactersSupport": true,
          "documentationFormat": [
            "markdown",
            "plaintext"
          ],
          "deprecatedSupport": true,
          "preselectSupport": true
        },
        "completionItemKind": {
          "valueSet": [
            1,
            2,
            3,
            4,
            5,
            6,
            7,
            8,
            9,
            10,
            11,
            12,
            13,
            14,
            15,
            16,
            17,
            18,
            19,
            20,
            21,
            22,
            23,
            24,
            25
          ]
        },
        "contextSupport": true,
        "dynamicRegistration": true
      },
      "hover": {
        "contentFormat": [
          "markdown",
          "plaintext"
        ],
        "dynamicRegistration": true
      },
      "signatureHelp": {
        "signatureInformation": {
          "documentationFormat": [
            "markdown",
            "plaintext"
          ],
          "parameterInformation": {
            "labelOffsetSupport": true
          }
        },
        "dynamicRegistration": true
      },
      "references": {
        "dynamicRegistration": true
      },
      "documentHighlight": {
        "dynamicRegistration": true
      },
      "documentSymbol": {
        "symbolKind": {
          "valueSet": [
            1,
            2,
            3,
            4,
            5,
            6,
            7,
            8,
            9,
            10,
            11,
            12,
            13,
            14,
            15,
            16,
            17,
            18,
            19,
            20,
            21,
            22,
            23,
            24,
            25,
            26
          ]
        },
        "hierarchicalDocumentSymbolSupport": true,
        "dynamicRegistration": true
      },
      "formatting": {
        "dynamicRegistration": true
      },
      "rangeFormatting": {
        "dynamicRegistration": true
      },
      "onTypeFormatting": {
        "dynamicRegistration": true
      },
      "declaration": {
        "linkSupport": true,
        "dynamicRegistration": true
      },
      "definition": {
        "linkSupport": true,
        "dynamicRegistration": true
      },
      "typeDefinition": {
        "linkSupport": true,
        "dynamicRegistration": true
      },
      "implementation": {
        "linkSupport": true,
        "dynamicRegistration": true
      },
      "codeAction": {
        "codeActionLiteralSupport": {
          "codeActionKind": {
            "valueSet": [
              "",
              "quickfix",
              "refactor",
              "refactor.extract",
              "refactor.inline",
              "refactor.rewrite",
              "source",
              "source.organizeImports"
            ]
          }
        },
        "dynamicRegistration": true
      },
      "codeLens": {
        "dynamicRegistration": true
      },
      "documentLink": {
        "dynamicRegistration": true
      },
      "colorProvider": {
        "dynamicRegistration": true
      },
      "rename": {
        "prepareSupport": true,
        "dynamicRegistration": true
      },
      "publishDiagnostics": {
        "relatedInformation": true
      },
      "foldingRange": {
        "rangeLimit": 5000,
        "lineFoldingOnly": true,
        "dynamicRegistration": true
      }
    }
  },
  "trace": "off",
  "workspaceFolders": [
    {
      "uri": "file:///c%3A/Users/anom/Documents/GitHub/Karaoke-App",
      "name": "Karaoke-App"
    },
    {
      "uri": "file:///c%3A/Users/anom/Downloads/angular-bootstrap-song-lyrics-master/angular-bootstrap-song-lyrics-master",
      "name": "angular-bootstrap-song-lyrics-master"
    },
    {
      "uri": "file:///c%3A/Users/anom/Documents/Structurizr",
      "name": "Structurizr"
    }
  ]
}


[Trace - 05:57:36 PM] Sending response 'initialize - (0)'. Processing request took 20702ms
Result: {
  "capabilities": {
    "textDocumentSync": 2,
    "hoverProvider": true,
    "completionProvider": {
      "resolveProvider": false,
      "triggerCharacters": [
        "."
      ]
    },
    "signatureHelpProvider": {
      "triggerCharacters": [
        "(",
        ","
      ]
    },
    "definitionProvider": true,
    "referencesProvider": true,
    "documentHighlightProvider": true,
    "documentSymbolProvider": true,
    "workspaceSymbolProvider": true,
    "codeActionProvider": true,
    "codeLensProvider": {
      "resolveProvider": false
    },
    "documentFormattingProvider": true,
    "documentRangeFormattingProvider": true,
    "renameProvider": {
      "prepareProvider": true
    },
    "executeCommandProvider": {
      "commands": []
    },
    "workspace": {
      "workspaceFolders": {
        "supported": true,
        "changeNotifications": true
      }
    },
    "semanticHighlighting": {
      "scopes": []
    }
  }
}


[Trace - 05:57:36 PM] Received notification 'initialized'
Params: {}


[Trace - 05:57:36 PM] Sending notification 'textDocument/publishDiagnostics'
Params: {
  "uri": "file:///c:/Users/anom/Documents/Structurizr/workspace.dsl",
  "diagnostics": [
    {
      "range": {
        "start": {
          "line": 74,
          "character": 8
        },
        "end": {
          "line": 74,
          "character": 9
        }
      },
      "severity": 1,
      "code": "org.eclipse.xtext.diagnostics.Diagnostic.Syntax",
      "message": "no viable alternative at input \u0027}\u0027"
    },
    {
      "range": {
        "start": {
          "line": 76,
          "character": 8
        },
        "end": {
          "line": 76,
          "character": 13
        }
      },
      "severity": 1,
      "code": "org.eclipse.xtext.diagnostics.Diagnostic.Syntax",
      "message": "mismatched input \u0027theme\u0027 expecting \u0027}\u0027"
    },
    {
      "range": {
        "start": {
          "line": 79,
          "character": 0
        },
        "end": {
          "line": 79,
          "character": 1
        }
      },
      "severity": 1,
      "code": "org.eclipse.xtext.diagnostics.Diagnostic.Syntax",
      "message": "extraneous input \u0027}\u0027 expecting EOF"
    }
  ]
}


[Trace - 06:59:00 PM] Received request 'shutdown - (1)'
Params: null


[Trace - 06:59:00 PM] Sending response 'shutdown - (1)'. Processing request took 28ms
Result: {}


[Trace - 06:59:00 PM] Received notification 'exit'
Params: null


